AmigoServiceKotlin/sdk-adlibs/build/outputs/logs/manifest-merger-release-report.txt
-- Merging decision tree log ---
manifest
ADDED from src\main\AndroidManifest.xml:1:1-227:12
INJECTED from src\main\AndroidManifest.xml:1:1-227:12
INJECTED from src\main\AndroidManifest.xml:1:1-227:12
INJECTED from src\main\AndroidManifest.xml:1:1-227:12
INJECTED from src\main\AndroidManifest.xml:1:1-227:12
INJECTED from src\main\AndroidManifest.xml:1:1-227:12
INJECTED from src\main\AndroidManifest.xml:1:1-227:12
	package
		ADDED from src\main\AndroidManifest.xml:3:5-32
		INJECTED from src\main\AndroidManifest.xml
		INJECTED from src\main\AndroidManifest.xml
	android:versionName
		INJECTED from src\main\AndroidManifest.xml
		ADDED from src\main\AndroidManifest.xml:1:1-227:12
		INJECTED from src\main\AndroidManifest.xml
	xmlns:tools
		ADDED from src\main\AndroidManifest.xml:2:5-51
	android:versionCode
		INJECTED from src\main\AndroidManifest.xml
		ADDED from src\main\AndroidManifest.xml:1:1-227:12
		INJECTED from src\main\AndroidManifest.xml
	xmlns:android
		ADDED from src\main\AndroidManifest.xml:1:11-69
uses-permission#android.permission.INTERNET
ADDED from src\main\AndroidManifest.xml:7:5-67
	android:name
		ADDED from src\main\AndroidManifest.xml:7:22-64
uses-permission#android.permission.READ_PHONE_STATE
ADDED from src\main\AndroidManifest.xml:8:5-75
	android:name
		ADDED from src\main\AndroidManifest.xml:8:22-72
uses-permission#android.permission.READ_EXTERNAL_STORAGE
ADDED from src\main\AndroidManifest.xml:9:5-80
	android:name
		ADDED from src\main\AndroidManifest.xml:9:22-77
uses-permission#android.permission.WRITE_EXTERNAL_STORAGE
ADDED from src\main\AndroidManifest.xml:10:5-81
	android:name
		ADDED from src\main\AndroidManifest.xml:10:22-78
uses-permission#android.permission.ACCESS_WIFI_STATE
ADDED from src\main\AndroidManifest.xml:11:5-76
	android:name
		ADDED from src\main\AndroidManifest.xml:11:22-73
uses-permission#android.permission.ACCESS_NETWORK_STATE
ADDED from src\main\AndroidManifest.xml:12:5-79
	android:name
		ADDED from src\main\AndroidManifest.xml:12:22-76
uses-permission#android.permission.GET_TASKS
ADDED from src\main\AndroidManifest.xml:13:5-68
	android:name
		ADDED from src\main\AndroidManifest.xml:13:22-65
uses-permission#android.permission.REQUEST_INSTALL_PACKAGES
ADDED from src\main\AndroidManifest.xml:14:5-83
	android:name
		ADDED from src\main\AndroidManifest.xml:14:22-80
uses-permission#android.permission.WAKE_LOCK
ADDED from src\main\AndroidManifest.xml:15:5-68
	android:name
		ADDED from src\main\AndroidManifest.xml:15:22-65
uses-permission#android.permission.SYSTEM_ALERT_WINDOW
ADDED from src\main\AndroidManifest.xml:16:5-78
	android:name
		ADDED from src\main\AndroidManifest.xml:16:22-75
uses-permission#android.permission.CHANGE_WIFI_STATE
ADDED from src\main\AndroidManifest.xml:19:5-76
	android:name
		ADDED from src\main\AndroidManifest.xml:19:22-73
uses-permission#android.permission.CHANGE_NETWORK_STATE
ADDED from src\main\AndroidManifest.xml:20:5-79
	android:name
		ADDED from src\main\AndroidManifest.xml:20:22-76
uses-permission#android.permission.ACCESS_COARSE_LOCATION
ADDED from src\main\AndroidManifest.xml:21:5-81
	android:name
		ADDED from src\main\AndroidManifest.xml:21:22-78
uses-permission#android.permission.ACCESS_FINE_LOCATION
ADDED from src\main\AndroidManifest.xml:22:5-79
	android:name
		ADDED from src\main\AndroidManifest.xml:22:22-76
uses-permission#android.permission.SYSTEM_OVERLAY_WINDOW
ADDED from src\main\AndroidManifest.xml:23:5-80
	android:name
		ADDED from src\main\AndroidManifest.xml:23:22-77
uses-permission#android.permission.ACCESS_COARSE_UPDATES
ADDED from src\main\AndroidManifest.xml:24:5-80
	android:name
		ADDED from src\main\AndroidManifest.xml:24:22-77
uses-permission#android.permission.WRITE_SETTINGS
ADDED from src\main\AndroidManifest.xml:25:5-73
	android:name
		ADDED from src\main\AndroidManifest.xml:25:22-70
uses-permission#android.permission.BATTERY_STATS
ADDED from src\main\AndroidManifest.xml:26:5-72
	android:name
		ADDED from src\main\AndroidManifest.xml:26:22-69
uses-permission#android.permission.MOUNT_UNMOUNT_FILESYSTEMS
ADDED from src\main\AndroidManifest.xml:27:5-84
	android:name
		ADDED from src\main\AndroidManifest.xml:27:22-81
application
ADDED from src\main\AndroidManifest.xml:30:5-225:19
	android:supportsRtl
		ADDED from src\main\AndroidManifest.xml:32:9-35
	android:allowClearUserData
		ADDED from src\main\AndroidManifest.xml:33:9-42
	android:allowBackup
		ADDED from src\main\AndroidManifest.xml:31:9-36
uses-library#org.apache.http.legacy
ADDED from src\main\AndroidManifest.xml:36:9-38:40
	android:required
		ADDED from src\main\AndroidManifest.xml:38:13-37
	android:name
		ADDED from src\main\AndroidManifest.xml:37:13-50
provider#com.mobgi.AdFileProvider
ADDED from src\main\AndroidManifest.xml:41:9-48:20
	android:grantUriPermissions
		ADDED from src\main\AndroidManifest.xml:45:13-47
	android:authorities
		ADDED from src\main\AndroidManifest.xml:43:13-64
	android:exported
		ADDED from src\main\AndroidManifest.xml:44:13-37
	android:name
		ADDED from src\main\AndroidManifest.xml:42:13-52
meta-data#android.support.FILE_PROVIDER_PATHS
ADDED from src\main\AndroidManifest.xml:46:13-47:61
	android:resource
		ADDED from src\main\AndroidManifest.xml:47:17-58
	android:name
		ADDED from src\main\AndroidManifest.xml:46:24-74
provider#com.baidu.mobads.openad.FileProvider
ADDED from src\main\AndroidManifest.xml:51:9-59:20
	android:grantUriPermissions
		ADDED from src\main\AndroidManifest.xml:55:13-47
	android:authorities
		ADDED from src\main\AndroidManifest.xml:53:13-63
	android:exported
		ADDED from src\main\AndroidManifest.xml:54:13-37
	android:name
		ADDED from src\main\AndroidManifest.xml:52:13-64
activity#com.baidu.mobads.AppActivity
ADDED from src\main\AndroidManifest.xml:62:9-65:75
	android:configChanges
		ADDED from src\main\AndroidManifest.xml:64:13-83
	android:theme
		ADDED from src\main\AndroidManifest.xml:65:13-72
	android:name
		ADDED from src\main\AndroidManifest.xml:63:13-56
activity#com.baidu.mobads.production.rewardvideo.MobRewardVideoActivity
ADDED from src\main\AndroidManifest.xml:66:9-71:20
	android:launchMode
		ADDED from src\main\AndroidManifest.xml:69:13-44
	android:configChanges
		ADDED from src\main\AndroidManifest.xml:68:13-74
	android:theme
		ADDED from src\main\AndroidManifest.xml:70:13-72
	android:name
		ADDED from src\main\AndroidManifest.xml:67:13-90
service#com.qq.e.comm.DownloadService
ADDED from src\main\AndroidManifest.xml:75:9-77:40
	android:exported
		ADDED from src\main\AndroidManifest.xml:77:13-37
	android:name
		ADDED from src\main\AndroidManifest.xml:76:13-57
activity#com.qq.e.ads.ADActivity
ADDED from src\main\AndroidManifest.xml:78:9-80:86
	android:configChanges
		ADDED from src\main\AndroidManifest.xml:80:13-83
	android:name
		ADDED from src\main\AndroidManifest.xml:79:13-51
activity#com.qq.e.ads.PortraitADActivity
ADDED from src\main\AndroidManifest.xml:81:9-84:52
	android:screenOrientation
		ADDED from src\main\AndroidManifest.xml:84:13-49
	android:configChanges
		ADDED from src\main\AndroidManifest.xml:83:13-83
	android:name
		ADDED from src\main\AndroidManifest.xml:82:13-59
activity#com.qq.e.ads.LandscapeADActivity
ADDED from src\main\AndroidManifest.xml:85:9-88:53
	android:screenOrientation
		ADDED from src\main\AndroidManifest.xml:88:13-50
	android:configChanges
		ADDED from src\main\AndroidManifest.xml:87:13-83
	android:name
		ADDED from src\main\AndroidManifest.xml:86:13-60
provider#com.mintegral.msdk.base.utils.MTGFileProvider
ADDED from src\main\AndroidManifest.xml:92:9-100:20
	android:grantUriPermissions
		ADDED from src\main\AndroidManifest.xml:96:13-47
	android:authorities
		ADDED from src\main\AndroidManifest.xml:94:13-67
	android:exported
		ADDED from src\main\AndroidManifest.xml:95:13-37
	android:name
		ADDED from src\main\AndroidManifest.xml:93:13-73
activity#com.mintegral.msdk.activity.MTGCommonActivity
ADDED from src\main\AndroidManifest.xml:101:9-106:75
	android:screenOrientation
		ADDED from src\main\AndroidManifest.xml:105:13-49
	android:exported
		ADDED from src\main\AndroidManifest.xml:104:13-36
	android:configChanges
		ADDED from src\main\AndroidManifest.xml:103:13-57
	android:theme
		ADDED from src\main\AndroidManifest.xml:106:13-72
	android:name
		ADDED from src\main\AndroidManifest.xml:102:13-73
receiver#com.mintegral.msdk.click.AppReceiver
ADDED from src\main\AndroidManifest.xml:107:9-112:20
	android:name
		ADDED from src\main\AndroidManifest.xml:107:19-70
intent-filter#action:name:android.intent.action.PACKAGE_ADDED+data:scheme:package
ADDED from src\main\AndroidManifest.xml:108:13-111:29
	android:priority
		ADDED from src\main\AndroidManifest.xml:216:28-57
action#android.intent.action.PACKAGE_ADDED
ADDED from src\main\AndroidManifest.xml:109:17-78
	android:name
		ADDED from src\main\AndroidManifest.xml:109:25-75
data
ADDED from src\main\AndroidManifest.xml:110:17-50
	android:scheme
		ADDED from src\main\AndroidManifest.xml:110:23-47
service#com.mintegral.msdk.shell.MTGService
ADDED from src\main\AndroidManifest.xml:113:9-117:19
	android:name
		ADDED from src\main\AndroidManifest.xml:113:18-68
intent-filter#action:name:com.mintegral.msdk.download.action
ADDED from src\main\AndroidManifest.xml:114:13-116:29
action#com.mintegral.msdk.download.action
ADDED from src\main\AndroidManifest.xml:115:17-77
	android:name
		ADDED from src\main\AndroidManifest.xml:115:25-74
activity#com.mintegral.msdk.interstitial.view.MTGInterstitialActivity
ADDED from src\main\AndroidManifest.xml:119:9-122:52
	android:screenOrientation
		ADDED from src\main\AndroidManifest.xml:122:13-49
	android:configChanges
		ADDED from src\main\AndroidManifest.xml:121:13-59
	android:name
		ADDED from src\main\AndroidManifest.xml:120:13-88
activity#com.mintegral.msdk.reward.player.MTGRewardVideoActivity
ADDED from src\main\AndroidManifest.xml:124:9-127:74
	android:configChanges
		ADDED from src\main\AndroidManifest.xml:126:13-74
	android:theme
		ADDED from src\main\AndroidManifest.xml:127:13-71
	android:name
		ADDED from src\main\AndroidManifest.xml:125:13-83
provider#com.liulishuo.okdownload.OkDownloadProvider
ADDED from src\main\AndroidManifest.xml:131:9-134:39
	android:authorities
		ADDED from src\main\AndroidManifest.xml:133:13-76
	android:exported
		ADDED from src\main\AndroidManifest.xml:134:13-37
	android:name
		ADDED from src\main\AndroidManifest.xml:132:13-71
activity#mobi.oneway.sdk.AdShowActivity
ADDED from src\main\AndroidManifest.xml:135:9-140:74
	android:launchMode
		ADDED from src\main\AndroidManifest.xml:139:13-44
	android:hardwareAccelerated
		ADDED from src\main\AndroidManifest.xml:138:13-47
	android:configChanges
		ADDED from src\main\AndroidManifest.xml:137:13-170
	android:theme
		ADDED from src\main\AndroidManifest.xml:140:13-71
	android:name
		ADDED from src\main\AndroidManifest.xml:136:13-58
provider#com.bytedance.sdk.openadsdk.TTFileProvider
ADDED from src\main\AndroidManifest.xml:144:9-152:20
	android:grantUriPermissions
		ADDED from src\main\AndroidManifest.xml:148:13-47
	android:authorities
		ADDED from src\main\AndroidManifest.xml:146:13-66
	android:exported
		ADDED from src\main\AndroidManifest.xml:147:13-37
	android:name
		ADDED from src\main\AndroidManifest.xml:145:13-70
provider#com.bytedance.sdk.openadsdk.multipro.TTMultiProvider
ADDED from src\main\AndroidManifest.xml:153:9-156:40
	android:authorities
		ADDED from src\main\AndroidManifest.xml:155:13-67
	android:exported
		ADDED from src\main\AndroidManifest.xml:156:13-37
	android:name
		ADDED from src\main\AndroidManifest.xml:154:13-80
activity#com.bytedance.sdk.openadsdk.activity.TTLandingPageActivity
ADDED from src\main\AndroidManifest.xml:157:9-159:47
	android:launchMode
		ADDED from src\main\AndroidManifest.xml:159:13-44
	android:name
		ADDED from src\main\AndroidManifest.xml:158:13-86
activity#com.bytedance.sdk.openadsdk.activity.TTVideoLandingPageActivity
ADDED from src\main\AndroidManifest.xml:160:9-163:47
	android:launchMode
		ADDED from src\main\AndroidManifest.xml:163:13-44
	android:configChanges
		ADDED from src\main\AndroidManifest.xml:162:13-74
	android:name
		ADDED from src\main\AndroidManifest.xml:161:13-91
activity#com.bytedance.sdk.openadsdk.activity.TTRewardVideoActivity
ADDED from src\main\AndroidManifest.xml:164:9-167:47
	android:launchMode
		ADDED from src\main\AndroidManifest.xml:167:13-44
	android:configChanges
		ADDED from src\main\AndroidManifest.xml:166:13-74
	android:name
		ADDED from src\main\AndroidManifest.xml:165:13-86
activity#com.bytedance.sdk.openadsdk.activity.TTFullScreenVideoActivity
ADDED from src\main\AndroidManifest.xml:168:9-171:47
	android:launchMode
		ADDED from src\main\AndroidManifest.xml:171:13-44
	android:configChanges
		ADDED from src\main\AndroidManifest.xml:170:13-74
	android:name
		ADDED from src\main\AndroidManifest.xml:169:13-90
activity#com.bytedance.sdk.openadsdk.activity.TTDelegateActivity
ADDED from src\main\AndroidManifest.xml:172:9-175:75
	android:launchMode
		ADDED from src\main\AndroidManifest.xml:174:13-44
	android:theme
		ADDED from src\main\AndroidManifest.xml:175:13-72
	android:name
		ADDED from src\main\AndroidManifest.xml:173:13-83
service#com.ss.android.socialbase.downloader.notification.DownloadNotificationService
ADDED from src\main\AndroidManifest.xml:176:9-113
	android:name
		ADDED from src\main\AndroidManifest.xml:176:18-110
service#com.ss.android.socialbase.downloader.downloader.DownloadService
ADDED from src\main\AndroidManifest.xml:177:9-99
	android:name
		ADDED from src\main\AndroidManifest.xml:177:18-96
service#com.ss.android.socialbase.appdownloader.DownloadHandlerService
ADDED from src\main\AndroidManifest.xml:178:9-98
	android:name
		ADDED from src\main\AndroidManifest.xml:178:18-95
activity#com.ss.android.socialbase.appdownloader.view.DownloadSizeLimitActivity
ADDED from src\main\AndroidManifest.xml:179:9-182:59
	android:launchMode
		ADDED from src\main\AndroidManifest.xml:181:13-44
	android:theme
		ADDED from src\main\AndroidManifest.xml:182:13-56
	android:name
		ADDED from src\main\AndroidManifest.xml:180:13-98
activity#com.ss.android.socialbase.appdownloader.view.DownloadTaskDeleteActivity
ADDED from src\main\AndroidManifest.xml:183:9-186:59
	android:launchMode
		ADDED from src\main\AndroidManifest.xml:185:13-44
	android:theme
		ADDED from src\main\AndroidManifest.xml:186:13-56
	android:name
		ADDED from src\main\AndroidManifest.xml:184:13-99
activity#com.ss.android.downloadlib.activity.InteractionMiddleActivity
ADDED from src\main\AndroidManifest.xml:187:9-189:45
	android:launchMode
		ADDED from src\main\AndroidManifest.xml:189:13-42
	android:name
		ADDED from src\main\AndroidManifest.xml:188:13-89
receiver#com.ss.android.downloadlib.core.download.DownloadReceiver
ADDED from src\main\AndroidManifest.xml:190:9-94
	android:name
		ADDED from src\main\AndroidManifest.xml:190:19-91
provider#com.uniplay.adsdk.UniPlayFileProvider
ADDED from src\main\AndroidManifest.xml:195:9-203:20
	android:grantUriPermissions
		ADDED from src\main\AndroidManifest.xml:199:13-47
	android:authorities
		ADDED from src\main\AndroidManifest.xml:197:13-71
	android:exported
		ADDED from src\main\AndroidManifest.xml:198:13-37
	android:name
		ADDED from src\main\AndroidManifest.xml:196:13-65
activity#com.uniplay.adsdk.AdActivity
ADDED from src\main\AndroidManifest.xml:204:9-206:85
	android:configChanges
		ADDED from src\main\AndroidManifest.xml:206:13-83
	android:name
		ADDED from src\main\AndroidManifest.xml:205:13-56
activity#com.uniplay.adsdk.InterstitialAdActivity
ADDED from src\main\AndroidManifest.xml:207:9-210:64
	android:configChanges
		ADDED from src\main\AndroidManifest.xml:209:13-83
	android:theme
		ADDED from src\main\AndroidManifest.xml:210:13-61
	android:name
		ADDED from src\main\AndroidManifest.xml:208:13-68
receiver#com.uniplay.adsdk.PackageReceiver
ADDED from src\main\AndroidManifest.xml:211:9-220:20
	android:name
		ADDED from src\main\AndroidManifest.xml:211:19-67
intent-filter#action:name:android.intent.action.USER_PRESENT+action:name:android.net.conn.CONNECTIVITY_CHANGE
ADDED from src\main\AndroidManifest.xml:212:13-215:29
	android:priority
		ADDED from src\main\AndroidManifest.xml:212:28-57
action#android.net.conn.CONNECTIVITY_CHANGE
ADDED from src\main\AndroidManifest.xml:213:17-79
	android:name
		ADDED from src\main\AndroidManifest.xml:213:25-76
action#android.intent.action.USER_PRESENT
ADDED from src\main\AndroidManifest.xml:214:17-77
	android:name
		ADDED from src\main\AndroidManifest.xml:214:25-74
service#com.uniplay.adsdk.DownloadService
ADDED from src\main\AndroidManifest.xml:221:9-69
	android:name
		ADDED from src\main\AndroidManifest.xml:221:18-66
uses-sdk
INJECTED from src\main\AndroidManifest.xml reason: use-sdk injection requested
INJECTED from src\main\AndroidManifest.xml
INJECTED from src\main\AndroidManifest.xml
INJECTED from src\main\AndroidManifest.xml
INJECTED from src\main\AndroidManifest.xml
	android:targetSdkVersion
		INJECTED from src\main\AndroidManifest.xml
		ADDED from src\main\AndroidManifest.xml
		INJECTED from src\main\AndroidManifest.xml
	android:minSdkVersion
		INJECTED from src\main\AndroidManifest.xml
		ADDED from src\main\AndroidManifest.xml
		INJECTED from src\main\AndroidManifest.xml